app/manifest-merger-release-report.txt
-- Merging decision tree log ---
manifest
ADDED from AndroidManifest.xml:2:1
	package
		ADDED from AndroidManifest.xml:3:5
		INJECTED from AndroidManifest.xml:0:0
		INJECTED from AndroidManifest.xml:0:0
	android:versionName
		INJECTED from AndroidManifest.xml:0:0
		INJECTED from AndroidManifest.xml:0:0
	xmlns:android
		ADDED from AndroidManifest.xml:2:11
	android:versionCode
		INJECTED from AndroidManifest.xml:0:0
		INJECTED from AndroidManifest.xml:0:0
uses-permission#android.permission.INTERNET
ADDED from AndroidManifest.xml:5:5
	android:name
		ADDED from AndroidManifest.xml:5:22
uses-permission#android.permission.READ_PHONE_STATE
ADDED from AndroidManifest.xml:6:5
	android:name
		ADDED from AndroidManifest.xml:6:22
application
ADDED from AndroidManifest.xml:8:5
MERGED from com.android.support:appcompat-v7:21.0.3:16:5
MERGED from com.android.support:support-v4:21.0.3:16:5
MERGED from com.android.support:recyclerview-v7:21.0.3:17:5
MERGED from com.android.support:support-v4:21.0.3:16:5
MERGED from org.lucasr.dspec:dspec:0.1.1:8:5
MERGED from com.github.markushi:android-ui:1.2:9:5
MERGED from com.android.support:appcompat-v7:21.0.3:16:5
MERGED from com.android.support:support-v4:21.0.3:16:5
MERGED from com.telly:mrvector:0.2.0:11:5
MERGED from com.android.support:support-v4:21.0.3:16:5
MERGED from com.android.support:cardview-v7:21.0.3:16:5
	android:label
		ADDED from AndroidManifest.xml:13:9
	android:hardwareAccelerated
		ADDED from AndroidManifest.xml:11:9
	android:allowBackup
		ADDED from AndroidManifest.xml:10:9
	android:icon
		ADDED from AndroidManifest.xml:12:9
	android:theme
		ADDED from AndroidManifest.xml:14:9
	android:name
		ADDED from AndroidManifest.xml:9:9
activity#com.example.titan.activities.MainActivity
ADDED from AndroidManifest.xml:15:9
	android:launchMode
		ADDED from AndroidManifest.xml:17:13
	android:name
		ADDED from AndroidManifest.xml:16:13
intent-filter#android.intent.action.MAIN+android.intent.category.LAUNCHER
ADDED from AndroidManifest.xml:18:13
action#android.intent.action.MAIN
ADDED from AndroidManifest.xml:19:17
	android:name
		ADDED from AndroidManifest.xml:19:25
category#android.intent.category.LAUNCHER
ADDED from AndroidManifest.xml:21:17
	android:name
		ADDED from AndroidManifest.xml:21:27
activity#com.example.titan.activities.ActivityToSearch
ADDED from AndroidManifest.xml:24:9
	android:name
		ADDED from AndroidManifest.xml:24:19
meta-data#android.support.PARENT_ACTIVITY
ADDED from AndroidManifest.xml:25:13
	android:value
		ADDED from AndroidManifest.xml:27:17
	android:name
		ADDED from AndroidManifest.xml:26:17
activity#com.example.titan.activities.ActivityUsingTabLibrary
ADDED from AndroidManifest.xml:30:9
	android:name
		ADDED from AndroidManifest.xml:30:19
activity#com.example.titan.activities.SettingsActivity
ADDED from AndroidManifest.xml:36:9
	android:name
		ADDED from AndroidManifest.xml:36:19
activity#com.example.titan.activities.ActivityRecyclerItemAnimations
ADDED from AndroidManifest.xml:42:9
	android:name
		ADDED from AndroidManifest.xml:42:19
activity#com.example.titan.activities.ActivityYoukuSearch
ADDED from AndroidManifest.xml:48:9
	android:name
		ADDED from AndroidManifest.xml:48:19
activity#com.example.titan.activities.ActivityPlayYouku
ADDED from AndroidManifest.xml:54:9
	android:name
		ADDED from AndroidManifest.xml:54:19
activity#com.example.titan.activities.ActivityCheckMyVideos
ADDED from AndroidManifest.xml:60:9
	android:label
		ADDED from AndroidManifest.xml:62:13
	android:name
		ADDED from AndroidManifest.xml:61:13
activity#com.example.titan.activities.ActivityRegister
ADDED from AndroidManifest.xml:68:9
	android:label
		ADDED from AndroidManifest.xml:70:13
	android:name
		ADDED from AndroidManifest.xml:69:13
uses-sdk
INJECTED from AndroidManifest.xml:0:0 reason: use-sdk injection requested
MERGED from com.android.support:appcompat-v7:21.0.3:15:5
MERGED from com.android.support:support-v4:21.0.3:15:5
MERGED from com.android.support:recyclerview-v7:21.0.3:15:5
MERGED from com.android.support:support-v4:21.0.3:15:5
MERGED from org.lucasr.dspec:dspec:0.1.1:6:5
MERGED from it.neokree:MaterialTabs:0.11:7:5
MERGED from com.github.markushi:android-ui:1.2:7:5
MERGED from com.android.support:appcompat-v7:21.0.3:15:5
MERGED from com.android.support:support-v4:21.0.3:15:5
MERGED from com.telly:mrvector:0.2.0:7:5
MERGED from com.android.support:support-v4:21.0.3:15:5
MERGED from com.oguzdev:CircularFloatingActionMenu:1.0.2:7:5
MERGED from jp.wasabeef:recyclerview-animators:1.1.0:8:5
MERGED from com.daimajia.easing:library:1.0.1:8:5
MERGED from com.daimajia.androidanimations:library:1.1.3:8:5
MERGED from com.android.support:cardview-v7:21.0.3:15:5
	tools:overrideLibrary
		ADDED from it.neokree:MaterialTabs:0.11:10:9
	android:targetSdkVersion
		INJECTED from AndroidManifest.xml:0:0
		INJECTED from AndroidManifest.xml:0:0
	android:minSdkVersion
		INJECTED from AndroidManifest.xml:0:0
		INJECTED from AndroidManifest.xml:0:0
activity#android.support.v7.widget.TestActivity
ADDED from com.android.support:recyclerview-v7:21.0.3:18:9
	android:label
		ADDED from com.android.support:recyclerview-v7:21.0.3:18:19
	android:name
		ADDED from com.android.support:recyclerview-v7:21.0.3:18:60